# JRE version: OpenJDK Runtime Environment (8.0_212-b04) (build 1.8.0_212-release-1586-b04)
# Java VM: OpenJDK Server VM (25.212-b04 mixed mode windows-x86 )
Heap:
 PSYoungGen      total 296448K, used 126354K [0x3cac0000, 0x52000000, 0x52000000)
  eden space 261376K, 34% used [0x3cac0000,0x423e4fc8,0x4ca00000)
  from space 35072K, 99% used [0x4fdc0000,0x51fff9d0,0x52000000)
  to   space 44032K, 0% used [0x4ca00000,0x4ca00000,0x4f500000)
 ParOldGen       total 113664K, used 82927K [0x12000000, 0x18f00000, 0x3cac0000)
  object space 113664K, 72% used [0x12000000,0x170fbdf8,0x18f00000)
 Metaspace       used 93859K, capacity 97370K, committed 97408K, reserved 97664K
GC Heap History (10 events):
Event: 5520.956 GC heap before
{Heap before GC invocations=43 (full 5):
 PSYoungGen      total 258560K, used 17142K [0x3cac0000, 0x51d00000, 0x52000000)
  eden space 241408K, 0% used [0x3cac0000,0x3cac0000,0x4b680000)
  from space 17152K, 99% used [0x4d9c0000,0x4ea7dac8,0x4ea80000)
  to   space 36096K, 0% used [0x4b680000,0x4b680000,0x4d9c0000)
 ParOldGen       total 94208K, used 93988K [0x12000000, 0x17c00000, 0x3cac0000)
  object space 94208K, 99% used [0x12000000,0x17bc9010,0x17c00000)
 Metaspace       used 82919K, capacity 86189K, committed 86272K, reserved 86400K
Event: 5525.619 GC heap after
Heap after GC invocations=43 (full 5):
 PSYoungGen      total 258560K, used 0K [0x3cac0000, 0x51d00000, 0x52000000)
  eden space 241408K, 0% used [0x3cac0000,0x3cac0000,0x4b680000)
  from space 17152K, 0% used [0x4d9c0000,0x4d9c0000,0x4ea80000)
  to   space 36096K, 0% used [0x4b680000,0x4b680000,0x4d9c0000)
 ParOldGen       total 113664K, used 72051K [0x12000000, 0x18f00000, 0x3cac0000)
  object space 113664K, 63% used [0x12000000,0x1665cd30,0x18f00000)
 Metaspace       used 81410K, capacity 84463K, committed 86272K, reserved 86400K
}
Event: 5533.825 GC heap before
{Heap before GC invocations=44 (full 5):
 PSYoungGen      total 258560K, used 241408K [0x3cac0000, 0x51d00000, 0x52000000)
  eden space 241408K, 100% used [0x3cac0000,0x4b680000,0x4b680000)
  from space 17152K, 0% used [0x4d9c0000,0x4d9c0000,0x4ea80000)
  to   space 36096K, 0% used [0x4b680000,0x4b680000,0x4d9c0000)
 ParOldGen       total 113664K, used 72051K [0x12000000, 0x18f00000, 0x3cac0000)
  object space 113664K, 63% used [0x12000000,0x1665cd30,0x18f00000)
 Metaspace       used 81477K, capacity 84547K, committed 86272K, reserved 86400K
Event: 5534.085 GC heap after
Heap after GC invocations=44 (full 5):
 PSYoungGen      total 277504K, used 3534K [0x3cac0000, 0x52000000, 0x52000000)
  eden space 241408K, 0% used [0x3cac0000,0x3cac0000,0x4b680000)
  from space 36096K, 9% used [0x4b680000,0x4b9f39a0,0x4d9c0000)
  to   space 35840K, 0% used [0x4fd00000,0x4fd00000,0x52000000)
 ParOldGen       total 113664K, used 72051K [0x12000000, 0x18f00000, 0x3cac0000)
  object space 113664K, 63% used [0x12000000,0x1665cd30,0x18f00000)
 Metaspace       used 81477K, capacity 84547K, committed 86272K, reserved 86400K
}
Event: 5543.557 GC heap before
{Heap before GC invocations=45 (full 5):
 PSYoungGen      total 277504K, used 244942K [0x3cac0000, 0x52000000, 0x52000000)
  eden space 241408K, 100% used [0x3cac0000,0x4b680000,0x4b680000)
  from space 36096K, 9% used [0x4b680000,0x4b9f39a0,0x4d9c0000)
  to   space 35840K, 0% used [0x4fd00000,0x4fd00000,0x52000000)
 ParOldGen       total 113664K, used 72051K [0x12000000, 0x18f00000, 0x3cac0000)
  object space 113664K, 63% used [0x12000000,0x1665cd30,0x18f00000)
 Metaspace       used 81530K, capacity 84579K, committed 86272K, reserved 86400K
Event: 5543.778 GC heap after
Heap after GC invocations=45 (full 5):
 PSYoungGen      total 311552K, used 4730K [0x3cac0000, 0x51e40000, 0x52000000)
  eden space 277504K, 0% used [0x3cac0000,0x3cac0000,0x4d9c0000)
  from space 34048K, 13% used [0x4fd00000,0x5019e9c8,0x51e40000)
  to   space 35072K, 0% used [0x4d9c0000,0x4d9c0000,0x4fc00000)
 ParOldGen       total 113664K, used 72055K [0x12000000, 0x18f00000, 0x3cac0000)
  object space 113664K, 63% used [0x12000000,0x1665dd30,0x18f00000)
 Metaspace       used 81530K, capacity 84579K, committed 86272K, reserved 86400K
}
Event: 5560.171 GC heap before
{Heap before GC invocations=46 (full 5):
 PSYoungGen      total 311552K, used 282234K [0x3cac0000, 0x51e40000, 0x52000000)
  eden space 277504K, 100% used [0x3cac0000,0x4d9c0000,0x4d9c0000)
  from space 34048K, 13% used [0x4fd00000,0x5019e9c8,0x51e40000)
  to   space 35072K, 0% used [0x4d9c0000,0x4d9c0000,0x4fc00000)
 ParOldGen       total 113664K, used 72055K [0x12000000, 0x18f00000, 0x3cac0000)
  object space 113664K, 63% used [0x12000000,0x1665dd30,0x18f00000)
 Metaspace       used 82143K, capacity 85215K, committed 86272K, reserved 86400K
Event: 5561.071 GC heap after
Heap after GC invocations=46 (full 5):
 PSYoungGen      total 312576K, used 18362K [0x3cac0000, 0x52000000, 0x52000000)
  eden space 277504K, 0% used [0x3cac0000,0x3cac0000,0x4d9c0000)
  from space 35072K, 52% used [0x4d9c0000,0x4ebae8a0,0x4fc00000)
  to   space 35072K, 0% used [0x4fdc0000,0x4fdc0000,0x52000000)
 ParOldGen       total 113664K, used 74552K [0x12000000, 0x18f00000, 0x3cac0000)
  object space 113664K, 65% used [0x12000000,0x168ce0d0,0x18f00000)
 Metaspace       used 82143K, capacity 85215K, committed 86272K, reserved 86400K
}
Event: 5884.190 GC heap before
{Heap before GC invocations=47 (full 5):
 PSYoungGen      total 312576K, used 295866K [0x3cac0000, 0x52000000, 0x52000000)
  eden space 277504K, 100% used [0x3cac0000,0x4d9c0000,0x4d9c0000)
  from space 35072K, 52% used [0x4d9c0000,0x4ebae8a0,0x4fc00000)
  to   space 35072K, 0% used [0x4fdc0000,0x4fdc0000,0x52000000)
 ParOldGen       total 113664K, used 74552K [0x12000000, 0x18f00000, 0x3cac0000)
  object space 113664K, 65% used [0x12000000,0x168ce0d0,0x18f00000)
 Metaspace       used 90414K, capacity 93703K, committed 93824K, reserved 94592K
Event: 5885.614 GC heap after
Heap after GC invocations=47 (full 5):
 PSYoungGen      total 296448K, used 35070K [0x3cac0000, 0x52000000, 0x52000000)
  eden space 261376K, 0% used [0x3cac0000,0x3cac0000,0x4ca00000)
  from space 35072K, 99% used [0x4fdc0000,0x51fff9d0,0x52000000)
  to   space 44032K, 0% used [0x4ca00000,0x4ca00000,0x4f500000)
 ParOldGen       total 113664K, used 82927K [0x12000000, 0x18f00000, 0x3cac0000)
  object space 113664K, 72% used [0x12000000,0x170fbdf8,0x18f00000)
 Metaspace       used 90414K, capacity 93703K, committed 93824K, reserved 94592K
}

